  SimpleClass.cpp
c:\users\zach\desktop\repos\unityeditorassignment1\project1\project1\simpleclass.h(13): warning C4251: 'SimpleClass::myFile': class 'std::basic_ofstream<char,std::char_traits<char>>' needs to have dll-interface to be used by clients of class 'SimpleClass'
  c:\program files (x86)\microsoft visual studio\2017\community\vc\tools\msvc\14.16.27023\include\iosfwd(626): note: see declaration of 'std::basic_ofstream<char,std::char_traits<char>>'
c:\users\zach\desktop\repos\unityeditorassignment1\project1\project1\simpleclass.h(23): warning C4251: 'SimpleClass::read': class 'std::vector<float,std::allocator<_Ty>>' needs to have dll-interface to be used by clients of class 'SimpleClass'
          with
          [
              _Ty=float
          ]
  c:\users\zach\desktop\repos\unityeditorassignment1\project1\project1\simpleclass.h(23): note: see declaration of 'std::vector<float,std::allocator<_Ty>>'
          with
          [
              _Ty=float
          ]
  Wrapper.cpp
c:\users\zach\desktop\repos\unityeditorassignment1\project1\project1\simpleclass.h(13): warning C4251: 'SimpleClass::myFile': class 'std::basic_ofstream<char,std::char_traits<char>>' needs to have dll-interface to be used by clients of class 'SimpleClass'
  c:\program files (x86)\microsoft visual studio\2017\community\vc\tools\msvc\14.16.27023\include\iosfwd(626): note: see declaration of 'std::basic_ofstream<char,std::char_traits<char>>'
c:\users\zach\desktop\repos\unityeditorassignment1\project1\project1\simpleclass.h(23): warning C4251: 'SimpleClass::read': class 'std::vector<float,std::allocator<_Ty>>' needs to have dll-interface to be used by clients of class 'SimpleClass'
          with
          [
              _Ty=float
          ]
  c:\users\zach\desktop\repos\unityeditorassignment1\project1\project1\simpleclass.h(23): note: see declaration of 'std::vector<float,std::allocator<_Ty>>'
          with
          [
              _Ty=float
          ]
     Creating library C:\Users\Zach\Desktop\Repos\UnityEditorAssignment1\Project1\x64\Release\Project1.lib and object C:\Users\Zach\Desktop\Repos\UnityEditorAssignment1\Project1\x64\Release\Project1.exp
  Generating code
  All 272 functions were compiled because no usable IPDB/IOBJ from previous compilation was found.
  Finished generating code
  Project1.vcxproj -> C:\Users\Zach\Desktop\Repos\UnityEditorAssignment1\Project1\x64\Release\Project1.dll
